<?xml version="1.0" encoding="UTF-8"?>
<testng-results ignored="0" total="1" passed="1" failed="0" skipped="0">
  <reporter-output>
  </reporter-output>
  <suite started-at="2023-11-29T21:36:27 EST" name="Default suite" finished-at="2023-11-29T21:36:34 EST" duration-ms="7128">
    <groups>
    </groups>
    <test started-at="2023-11-29T21:36:27 EST" name="Default test" finished-at="2023-11-29T21:36:34 EST" duration-ms="7128">
      <class name="com.automation.part1.answers.Answer_39">
        <test-method is-config="true" signature="setup()[pri:0, instance:com.automation.part1.answers.Answer_39@b9b00e0]" started-at="2023-11-29T21:36:27 EST" name="setup" finished-at="2023-11-29T21:36:33 EST" duration-ms="6677" status="PASS">
          <reporter-output>
          </reporter-output>
        </test-method> <!-- setup -->
        <test-method signature="verifyLogin()[pri:0, instance:com.automation.part1.answers.Answer_39@b9b00e0]" started-at="2023-11-29T21:36:33 EST" name="verifyLogin" finished-at="2023-11-29T21:36:34 EST" duration-ms="62" status="PASS">
          <reporter-output>
          </reporter-output>
        </test-method> <!-- verifyLogin -->
        <test-method is-config="true" signature="teardown()[pri:0, instance:com.automation.part1.answers.Answer_39@b9b00e0]" started-at="2023-11-29T21:36:34 EST" name="teardown" finished-at="2023-11-29T21:36:34 EST" duration-ms="308" status="PASS">
          <reporter-output>
          </reporter-output>
        </test-method> <!-- teardown -->
      </class> <!-- com.automation.part1.answers.Answer_39 -->
    </test> <!-- Default test -->
  </suite> <!-- Default suite -->
</testng-results>
